<?xml version="1.0" encoding="UTF-8"?>
<testsuite name="Cucumber" time="973.54" tests="7" skipped="0" failures="0" errors="0">
<testcase classname="Language Change Functionality on Daraz" name="Successfully change language to Urdu" time="87.592">
<system-out><![CDATA[
Given I am on the Daraz homepage............................................passed
When I click on the language change button..................................passed
And I select Urdu as the language...........................................passed
Then I return to the homepage...............................................passed
]]></system-out>
</testcase>
<testcase classname="Daraz login functionality" name="Successful login with valid credentials on Daraz" time="39.64">
<system-out><![CDATA[
Given user is on the Daraz login page.......................................passed
When user enters valid credentials..........................................passed
And user clicks on the Daraz login button...................................passed
Then user is navigated to the Daraz home page...............................passed
]]></system-out>
</testcase>
<testcase classname="Daraz login functionality" name="Unsuccessful login with invalid credentials on Daraz" time="49.628">
<system-out><![CDATA[
Given user is on the Daraz login page.......................................passed
When user enters invalid credentials........................................passed
And user clicks on the Daraz login button...................................passed
Then an error message is displayed..........................................passed
]]></system-out>
</testcase>
<testcase classname="Daraz login functionality" name="Unsuccessful login with empty fields on Daraz" time="48.112">
<system-out><![CDATA[
Given user is on the Daraz login page.......................................passed
When user enters empty credentials..........................................passed
And user clicks on the Daraz login button...................................passed
Then an error message is displayed..........................................passed
]]></system-out>
</testcase>
<testcase classname="Daraz login functionality" name="Unsuccessful login with missing username on Daraz" time="44.61">
<system-out><![CDATA[
Given user is on the Daraz login page.......................................passed
When user enters credentials................................................passed
And user clicks on the Daraz login button...................................passed
Then an error message is displayed..........................................passed
]]></system-out>
</testcase>
<testcase classname="Daraz login functionality" name="Unsuccessful login with missing password on Daraz" time="47.758">
<system-out><![CDATA[
Given user is on the Daraz login page.......................................passed
When user enters credentials................................................passed
And user clicks on the Daraz login button...................................passed
Then an error message is displayed..........................................passed
]]></system-out>
</testcase>
<testcase classname="Product Search on Daraz" name="Searching for products using keywords from an Excel file" time="655.672">
<system-out><![CDATA[
Given user is on the Daraz homepage.........................................passed
When user searches for products from Excel sheet "Sheet1"...................passed
Then search results are displayed for the keywords from Excel...............passed
]]></system-out>
</testcase>
</testsuite>
e>
