<?xml version="1.0" encoding="UTF-8"?>
<testsuite name="Cucumber" time="259.65" tests="5" skipped="0" failures="0" errors="0">
<testcase classname="Daraz login functionality" name="Successful login with valid credentials on Daraz" time="60.121">
<system-out><![CDATA[
Given user is on the Daraz login page.......................................passed
When user enters valid credentials..........................................passed
And user clicks on the Daraz login button...................................passed
Then user is navigated to the Daraz home page...............................passed
]]></system-out>
</testcase>
<testcase classname="Daraz login functionality" name="Unsuccessful login with invalid credentials on Daraz" time="44.278">
<system-out><![CDATA[
Given user is on the Daraz login page.......................................passed
When user enters invalid credentials........................................passed
And user clicks on the Daraz login button...................................passed
Then an error message is displayed..........................................passed
]]></system-out>
</testcase>
<testcase classname="Daraz login functionality" name="Unsuccessful login with empty fields on Daraz" time="40.589">
<system-out><![CDATA[
Given user is on the Daraz login page.......................................passed
When user enters empty credentials..........................................passed
And user clicks on the Daraz login button...................................passed
Then an error message is displayed..........................................passed
]]></system-out>
</testcase>
<testcase classname="Daraz login functionality" name="Unsuccessful login with missing username on Daraz" time="56.422">
<system-out><![CDATA[
Given user is on the Daraz login page.......................................passed
When user enters credentials................................................passed
And user clicks on the Daraz login button...................................passed
Then an error message is displayed..........................................passed
]]></system-out>
</testcase>
<testcase classname="Daraz login functionality" name="Unsuccessful login with missing password on Daraz" time="58.032">
<system-out><![CDATA[
Given user is on the Daraz login page.......................................passed
When user enters credentials................................................passed
And user clicks on the Daraz login button...................................passed
Then an error message is displayed..........................................passed
]]></system-out>
</testcase>
</testsuite>
