<?xml version="1.0" encoding="UTF-8"?>
<testsuite name="Cucumber" time="257.832" tests="9" skipped="0" failures="4" errors="0">
<testcase classname="Daraz login functionality" name="Successful login with valid credentials on Daraz" time="34.756">
<system-out><![CDATA[
Given user is on the Daraz login page.......................................passed
When user enters valid credentials..........................................passed
And user clicks on the Daraz login button...................................passed
Then user is navigated to the Daraz home page...............................passed
]]></system-out>
</testcase>
<testcase classname="Daraz login functionality" name="Unsuccessful login with invalid credentials on Daraz" time="31.579">
<system-out><![CDATA[
Given user is on the Daraz login page.......................................passed
When user enters invalid credentials........................................passed
And user clicks on the Daraz login button...................................passed
Then an error message is displayed..........................................passed
]]></system-out>
</testcase>
<testcase classname="Daraz login functionality" name="Unsuccessful login with empty fields on Daraz" time="30.36">
<system-out><![CDATA[
Given user is on the Daraz login page.......................................passed
When user enters empty credentials..........................................passed
And user clicks on the Daraz login button...................................passed
Then an error message is displayed..........................................passed
]]></system-out>
</testcase>
<testcase classname="Daraz login functionality" name="Unsuccessful login with missing username on Daraz" time="29.949">
<system-out><![CDATA[
Given user is on the Daraz login page.......................................passed
When user enters credentials................................................passed
And user clicks on the Daraz login button...................................passed
Then an error message is displayed..........................................passed
]]></system-out>
</testcase>
<testcase classname="Daraz login functionality" name="Unsuccessful login with missing password on Daraz" time="33.974">
<system-out><![CDATA[
Given user is on the Daraz login page.......................................passed
When user enters credentials................................................passed
And user clicks on the Daraz login button...................................passed
Then an error message is displayed..........................................passed
]]></system-out>
</testcase>
<testcase classname="Daraz Signup Functionality" name="Successful signup with valid credentials on Daraz" time="28.273">
<failure/>
<system-out><![CDATA[
Given the user is on the Daraz signup page..................................passed
When the user enters valid details:.........................................undefined
And the user clicks on the signup button....................................skipped
Then the user should be navigated to the Daraz home page....................skipped
]]></system-out>
</testcase>
<testcase classname="Daraz Signup Functionality" name="Unsuccessful signup with invalid credentials on Daraz" time="22.889">
<failure/>
<system-out><![CDATA[
Given the user is on the Daraz signup page..................................passed
When the user enters invalid details:.......................................undefined
And the user clicks on the signup button....................................skipped
Then a signup error message should be displayed.............................skipped
]]></system-out>
</testcase>
<testcase classname="Daraz Signup Functionality" name="Unsuccessful signup with empty fields on Daraz" time="22.841">
<failure/>
<system-out><![CDATA[
Given the user is on the Daraz signup page..................................passed
When the user enters empty details..........................................undefined
And the user clicks on the signup button....................................skipped
Then a signup error message should be displayed.............................skipped
]]></system-out>
</testcase>
<testcase classname="Daraz Signup Functionality" name="Unsuccessful signup with mismatched passwords on Daraz" time="22.547">
<failure/>
<system-out><![CDATA[
Given the user is on the Daraz signup page..................................passed
When the user enters details with mismatched passwords:.....................undefined
And the user clicks on the signup button....................................skipped
Then a signup error message should be displayed.............................skipped
]]></system-out>
</testcase>
</testsuite>
