<?xml version="1.0" encoding="UTF-8"?>
<testsuite name="Cucumber" time="427.764" tests="7" skipped="0" failures="0" errors="0">
<testcase classname="Language Change Functionality on Daraz" name="Successfully change language to Urdu" time="106.898">
<system-out><![CDATA[
Given I am on the Daraz homepage............................................passed
When I click on the language change button..................................passed
And I select Urdu as the language...........................................passed
Then I return to the homepage...............................................passed
]]></system-out>
</testcase>
<testcase classname="Daraz login functionality" name="Successful login with valid credentials on Daraz" time="53.132">
<system-out><![CDATA[
Given user is on the Daraz login page.......................................passed
When user enters valid credentials..........................................passed
And user clicks on the Daraz login button...................................passed
Then user is navigated to the Daraz home page...............................passed
]]></system-out>
</testcase>
<testcase classname="Daraz login functionality" name="Unsuccessful login with invalid credentials on Daraz" time="47.476">
<system-out><![CDATA[
Given user is on the Daraz login page.......................................passed
When user enters invalid credentials........................................passed
And user clicks on the Daraz login button...................................passed
Then an error message is displayed..........................................passed
]]></system-out>
</testcase>
<testcase classname="Daraz login functionality" name="Unsuccessful login with empty fields on Daraz" time="42.709">
<system-out><![CDATA[
Given user is on the Daraz login page.......................................passed
When user enters empty credentials..........................................passed
And user clicks on the Daraz login button...................................passed
Then an error message is displayed..........................................passed
]]></system-out>
</testcase>
<testcase classname="Daraz login functionality" name="Unsuccessful login with missing username on Daraz" time="74.299">
<system-out><![CDATA[
Given user is on the Daraz login page.......................................passed
When user enters credentials................................................passed
And user clicks on the Daraz login button...................................passed
Then an error message is displayed..........................................passed
]]></system-out>
</testcase>
<testcase classname="Daraz login functionality" name="Unsuccessful login with missing password on Daraz" time="37.687">
<system-out><![CDATA[
Given user is on the Daraz login page.......................................passed
When user enters credentials................................................passed
And user clicks on the Daraz login button...................................passed
Then an error message is displayed..........................................passed
]]></system-out>
</testcase>
<testcase classname="Search functionality on Daraz website" name="Searching for an item from Excel" time="65.367">
<system-out><![CDATA[
Given I am on the homepage..................................................passed
When I search for the term from Excel.......................................passed
Then I should see search results............................................passed
]]></system-out>
</testcase>
</testsuite>
